\BOOKMARK [0][-]{chapter.0}{\376\377\000I\000n\000s\000t\000a\000l\000l\000a\000t\000i\000o\000n\000,\000\040\000R\000u\000n\000t\000i\000m\000e\000\040\000E\000n\000v\000i\000r\000o\000n\000m\000e\000n\000t\000,\000\040\000a\000n\000d\000\040\000C\000o\000n\000f\000i\000g\000u\000r\000a\000t\000i\000o\000n}{}% 1
\BOOKMARK [1][-]{section.0.1}{\376\377\000S\000y\000s\000t\000e\000m\000\040\000R\000e\000q\000u\000i\000r\000e\000m\000e\000n\000t\000s}{chapter.0}% 2
\BOOKMARK [1][-]{section.0.2}{\376\377\000P\000a\000c\000k\000a\000g\000e\000\040\000I\000n\000v\000e\000n\000t\000o\000r\000y}{chapter.0}% 3
\BOOKMARK [1][-]{section.0.3}{\376\377\000I\000n\000s\000t\000a\000l\000l\000a\000t\000i\000o\000n}{chapter.0}% 4
\BOOKMARK [1][-]{section.0.4}{\376\377\000E\000n\000v\000i\000r\000o\000n\000m\000e\000n\000t\000\040\000V\000a\000r\000i\000a\000b\000l\000e\000s}{chapter.0}% 5
\BOOKMARK [1][-]{section.0.5}{\376\377\000C\000a\000n\000o\000n\000i\000c\000a\000l\000\040\000C\000e\000r\000t\000i\000f\000i\000c\000a\000t\000i\000o\000n\000\040\000C\000o\000n\000f\000i\000g\000u\000r\000a\000t\000i\000o\000n}{chapter.0}% 6
\BOOKMARK [1][-]{section.0.6}{\376\377\000T\000e\000s\000t\000\040\000E\000x\000e\000c\000u\000t\000i\000o\000n}{chapter.0}% 7
\BOOKMARK [1][-]{section.0.7}{\376\377\000R\000e\000p\000r\000o\000d\000u\000c\000i\000b\000i\000l\000i\000t\000y}{chapter.0}% 8
\BOOKMARK [-1][-]{part.1}{\376\377\000I\000\040\000B\000a\000s\000e\000\040\000E\000H\000R\000\040\000C\000e\000r\000t\000i\000f\000i\000c\000a\000t\000i\000o\000n}{}% 9
\BOOKMARK [0][-]{chapter*.1}{\376\377\000O\000v\000e\000r\000v\000i\000e\000w}{part.1}% 10
\BOOKMARK [0][-]{chapter.1}{\376\377\000\247\000\040\0001\0007\0000\000.\0003\0001\0005\000\050\000a\000\051\000\050\0001\000\051\000\040\000-\000\040\000C\000P\000O\000E\000\040\000M\000e\000d\000i\000c\000a\000t\000i\000o\000n\000s}{part.1}% 11
\BOOKMARK [1][-]{section.1.1}{\376\377\000C\000r\000i\000t\000e\000r\000i\000o\000n\000\040\000I\000n\000f\000o\000r\000m\000a\000t\000i\000o\000n}{chapter.1}% 12
\BOOKMARK [2][-]{subsection.1.1.1}{\376\377\000M\000a\000t\000u\000r\000i\000t\000y\000\040\000L\000e\000v\000e\000l}{section.1.1}% 13
\BOOKMARK [2][-]{subsection.1.1.2}{\376\377\000R\000e\000g\000u\000l\000a\000t\000o\000r\000y\000\040\000T\000e\000x\000t}{section.1.1}% 14
\BOOKMARK [1][-]{section.1.2}{\376\377\000B\000e\000h\000a\000v\000i\000o\000r\000-\000D\000r\000i\000v\000e\000n\000\040\000D\000e\000v\000e\000l\000o\000p\000m\000e\000n\000t\000\040\000S\000p\000e\000c\000i\000f\000i\000c\000a\000t\000i\000o\000n}{chapter.1}% 15
\BOOKMARK [1][-]{section.1.3}{\376\377\000S\000c\000r\000e\000e\000n\000s\000h\000o\000t\000s}{chapter.1}% 16
\BOOKMARK [0][-]{chapter.2}{\376\377\000\247\000\040\0001\0007\0000\000.\0003\0001\0005\000\050\000a\000\051\000\050\0002\000\051\000\040\000-\000\040\000C\000P\000O\000E\000\040\000L\000a\000b\000o\000r\000a\000t\000o\000r\000y}{part.1}% 17
\BOOKMARK [1][-]{section.2.1}{\376\377\000C\000r\000i\000t\000e\000r\000i\000o\000n\000\040\000I\000n\000f\000o\000r\000m\000a\000t\000i\000o\000n}{chapter.2}% 18
\BOOKMARK [2][-]{subsection.2.1.1}{\376\377\000M\000a\000t\000u\000r\000i\000t\000y\000\040\000L\000e\000v\000e\000l}{section.2.1}% 19
\BOOKMARK [2][-]{subsection.2.1.2}{\376\377\000R\000e\000g\000u\000l\000a\000t\000o\000r\000y\000\040\000T\000e\000x\000t}{section.2.1}% 20
\BOOKMARK [1][-]{section.2.2}{\376\377\000B\000e\000h\000a\000v\000i\000o\000r\000-\000D\000r\000i\000v\000e\000n\000\040\000D\000e\000v\000e\000l\000o\000p\000m\000e\000n\000t\000\040\000S\000p\000e\000c\000i\000f\000i\000c\000a\000t\000i\000o\000n}{chapter.2}% 21
\BOOKMARK [1][-]{section.2.3}{\376\377\000S\000c\000r\000e\000e\000n\000s\000h\000o\000t\000s}{chapter.2}% 22
\BOOKMARK [0][-]{chapter.3}{\376\377\000\247\000\040\0001\0007\0000\000.\0003\0001\0005\000\050\000a\000\051\000\050\0003\000\051\000\040\000-\000\040\000C\000P\000O\000E\000\040\000D\000i\000a\000g\000n\000o\000s\000t\000i\000c\000\040\000I\000m\000a\000g\000i\000n\000g}{part.1}% 23
\BOOKMARK [1][-]{section.3.1}{\376\377\000C\000r\000i\000t\000e\000r\000i\000o\000n\000\040\000I\000n\000f\000o\000r\000m\000a\000t\000i\000o\000n}{chapter.3}% 24
\BOOKMARK [2][-]{subsection.3.1.1}{\376\377\000M\000a\000t\000u\000r\000i\000t\000y\000\040\000L\000e\000v\000e\000l}{section.3.1}% 25
\BOOKMARK [2][-]{subsection.3.1.2}{\376\377\000R\000e\000g\000u\000l\000a\000t\000o\000r\000y\000\040\000T\000e\000x\000t}{section.3.1}% 26
\BOOKMARK [1][-]{section.3.2}{\376\377\000B\000e\000h\000a\000v\000i\000o\000r\000-\000D\000r\000i\000v\000e\000n\000\040\000D\000e\000v\000e\000l\000o\000p\000m\000e\000n\000t\000\040\000S\000p\000e\000c\000i\000f\000i\000c\000a\000t\000i\000o\000n}{chapter.3}% 27
\BOOKMARK [1][-]{section.3.3}{\376\377\000S\000c\000r\000e\000e\000n\000s\000h\000o\000t\000s}{chapter.3}% 28
\BOOKMARK [0][-]{chapter.4}{\376\377\000\247\000\040\0001\0007\0000\000.\0003\0001\0005\000\050\000a\000\051\000\050\0004\000\051\000\040\000-\000\040\000D\000r\000u\000g\000\040\000I\000n\000t\000e\000r\000a\000c\000t\000i\000o\000n\000\040\000C\000h\000e\000c\000k\000s}{part.1}% 29
\BOOKMARK [1][-]{section.4.1}{\376\377\000C\000r\000i\000t\000e\000r\000i\000o\000n\000\040\000I\000n\000f\000o\000r\000m\000a\000t\000i\000o\000n}{chapter.4}% 30
\BOOKMARK [2][-]{subsection.4.1.1}{\376\377\000M\000a\000t\000u\000r\000i\000t\000y\000\040\000L\000e\000v\000e\000l}{section.4.1}% 31
\BOOKMARK [2][-]{subsection.4.1.2}{\376\377\000R\000e\000g\000u\000l\000a\000t\000o\000r\000y\000\040\000T\000e\000x\000t}{section.4.1}% 32
\BOOKMARK [1][-]{section.4.2}{\376\377\000B\000e\000h\000a\000v\000i\000o\000r\000-\000D\000r\000i\000v\000e\000n\000\040\000D\000e\000v\000e\000l\000o\000p\000m\000e\000n\000t\000\040\000S\000p\000e\000c\000i\000f\000i\000c\000a\000t\000i\000o\000n}{chapter.4}% 33
\BOOKMARK [1][-]{section.4.3}{\376\377\000S\000c\000r\000e\000e\000n\000s\000h\000o\000t\000s}{chapter.4}% 34
\BOOKMARK [0][-]{chapter.5}{\376\377\000\247\000\040\0001\0007\0000\000.\0003\0001\0005\000\050\000a\000\051\000\050\0005\000\051\000\040\000-\000\040\000D\000e\000m\000o\000g\000r\000a\000p\000h\000i\000c\000s}{part.1}% 35
\BOOKMARK [1][-]{section.5.1}{\376\377\000C\000r\000i\000t\000e\000r\000i\000o\000n\000\040\000I\000n\000f\000o\000r\000m\000a\000t\000i\000o\000n}{chapter.5}% 36
\BOOKMARK [2][-]{subsection.5.1.1}{\376\377\000M\000a\000t\000u\000r\000i\000t\000y\000\040\000L\000e\000v\000e\000l}{section.5.1}% 37
\BOOKMARK [2][-]{subsection.5.1.2}{\376\377\000R\000e\000g\000u\000l\000a\000t\000o\000r\000y\000\040\000T\000e\000x\000t}{section.5.1}% 38
\BOOKMARK [2][-]{subsection.5.1.3}{\376\377\000I\000m\000p\000l\000e\000m\000e\000n\000t\000a\000t\000i\000o\000n}{section.5.1}% 39
\BOOKMARK [1][-]{section.5.2}{\376\377\000B\000e\000h\000a\000v\000i\000o\000r\000-\000D\000r\000i\000v\000e\000n\000\040\000D\000e\000v\000e\000l\000o\000p\000m\000e\000n\000t\000\040\000S\000p\000e\000c\000i\000f\000i\000c\000a\000t\000i\000o\000n}{chapter.5}% 40
\BOOKMARK [1][-]{section.5.3}{\376\377\000S\000c\000r\000e\000e\000n\000s\000h\000o\000t\000s}{chapter.5}% 41
\BOOKMARK [0][-]{chapter.6}{\376\377\000\247\000\040\0001\0007\0000\000.\0003\0001\0005\000\050\000a\000\051\000\050\0009\000\051\000\040\000-\000\040\000C\000l\000i\000n\000i\000c\000a\000l\000\040\000D\000e\000c\000i\000s\000i\000o\000n\000\040\000S\000u\000p\000p\000o\000r\000t\000\040\000\050\000E\000X\000P\000I\000R\000E\000D\000\051}{part.1}% 42
\BOOKMARK [1][-]{section.6.1}{\376\377\000C\000r\000i\000t\000e\000r\000i\000o\000n\000\040\000I\000n\000f\000o\000r\000m\000a\000t\000i\000o\000n}{chapter.6}% 43
\BOOKMARK [2][-]{subsection.6.1.1}{\376\377\000M\000a\000t\000u\000r\000i\000t\000y\000\040\000L\000e\000v\000e\000l}{section.6.1}% 44
\BOOKMARK [2][-]{subsection.6.1.2}{\376\377\000E\000x\000p\000i\000r\000a\000t\000i\000o\000n\000\040\000N\000o\000t\000i\000c\000e}{section.6.1}% 45
\BOOKMARK [2][-]{subsection.6.1.3}{\376\377\000R\000e\000g\000u\000l\000a\000t\000o\000r\000y\000\040\000T\000e\000x\000t}{section.6.1}% 46
\BOOKMARK [1][-]{section.6.2}{\376\377\000B\000e\000h\000a\000v\000i\000o\000r\000-\000D\000r\000i\000v\000e\000n\000\040\000D\000e\000v\000e\000l\000o\000p\000m\000e\000n\000t\000\040\000S\000p\000e\000c\000i\000f\000i\000c\000a\000t\000i\000o\000n}{chapter.6}% 47
\BOOKMARK [1][-]{section.6.3}{\376\377\000S\000c\000r\000e\000e\000n\000s\000h\000o\000t\000s}{chapter.6}% 48
\BOOKMARK [0][-]{chapter.7}{\376\377\000\247\000\040\0001\0007\0000\000.\0003\0001\0005\000\050\000b\000\051\000\050\0001\000\051\000\040\000-\000\040\000T\000r\000a\000n\000s\000i\000t\000i\000o\000n\000s\000\040\000o\000f\000\040\000C\000a\000r\000e}{part.1}% 49
\BOOKMARK [1][-]{section.7.1}{\376\377\000C\000r\000i\000t\000e\000r\000i\000o\000n\000\040\000I\000n\000f\000o\000r\000m\000a\000t\000i\000o\000n}{chapter.7}% 50
\BOOKMARK [2][-]{subsection.7.1.1}{\376\377\000M\000a\000t\000u\000r\000i\000t\000y\000\040\000L\000e\000v\000e\000l}{section.7.1}% 51
\BOOKMARK [2][-]{subsection.7.1.2}{\376\377\000R\000e\000g\000u\000l\000a\000t\000o\000r\000y\000\040\000T\000e\000x\000t}{section.7.1}% 52
\BOOKMARK [2][-]{subsection.7.1.3}{\376\377\000I\000m\000p\000l\000e\000m\000e\000n\000t\000a\000t\000i\000o\000n}{section.7.1}% 53
\BOOKMARK [1][-]{section.7.2}{\376\377\000B\000e\000h\000a\000v\000i\000o\000r\000-\000D\000r\000i\000v\000e\000n\000\040\000D\000e\000v\000e\000l\000o\000p\000m\000e\000n\000t\000\040\000S\000p\000e\000c\000i\000f\000i\000c\000a\000t\000i\000o\000n}{chapter.7}% 54
\BOOKMARK [1][-]{section.7.3}{\376\377\000S\000c\000r\000e\000e\000n\000s\000h\000o\000t\000s}{chapter.7}% 55
\BOOKMARK [0][-]{chapter.8}{\376\377\000\247\000\040\0001\0007\0000\000.\0003\0001\0005\000\050\000b\000\051\000\050\0004\000\051\000\040\000-\000\040\000R\000e\000a\000l\000-\000T\000i\000m\000e\000\040\000P\000r\000e\000s\000c\000r\000i\000p\000t\000i\000o\000n\000\040\000B\000e\000n\000e\000f\000i\000t}{part.1}% 56
\BOOKMARK [1][-]{section.8.1}{\376\377\000C\000r\000i\000t\000e\000r\000i\000o\000n\000\040\000I\000n\000f\000o\000r\000m\000a\000t\000i\000o\000n}{chapter.8}% 57
\BOOKMARK [2][-]{subsection.8.1.1}{\376\377\000M\000a\000t\000u\000r\000i\000t\000y\000\040\000L\000e\000v\000e\000l}{section.8.1}% 58
\BOOKMARK [2][-]{subsection.8.1.2}{\376\377\000R\000e\000g\000u\000l\000a\000t\000o\000r\000y\000\040\000T\000e\000x\000t}{section.8.1}% 59
\BOOKMARK [2][-]{subsection.8.1.3}{\376\377\000I\000m\000p\000l\000e\000m\000e\000n\000t\000a\000t\000i\000o\000n\000\040\000S\000t\000a\000t\000u\000s}{section.8.1}% 60
\BOOKMARK [1][-]{section.8.2}{\376\377\000B\000e\000h\000a\000v\000i\000o\000r\000-\000D\000r\000i\000v\000e\000n\000\040\000D\000e\000v\000e\000l\000o\000p\000m\000e\000n\000t\000\040\000S\000p\000e\000c\000i\000f\000i\000c\000a\000t\000i\000o\000n}{chapter.8}% 61
\BOOKMARK [1][-]{section.8.3}{\376\377\000S\000c\000r\000e\000e\000n\000s\000h\000o\000t\000s}{chapter.8}% 62
\BOOKMARK [0][-]{chapter.9}{\376\377\000\247\000\040\0001\0007\0000\000.\0003\0001\0005\000\050\000b\000\051\000\050\0001\0001\000\051\000\040\000-\000\040\000D\000e\000c\000i\000s\000i\000o\000n\000\040\000S\000u\000p\000p\000o\000r\000t\000\040\000I\000n\000t\000e\000r\000v\000e\000n\000t\000i\000o\000n\000s}{part.1}% 63
\BOOKMARK [1][-]{section.9.1}{\376\377\000C\000r\000i\000t\000e\000r\000i\000o\000n\000\040\000I\000n\000f\000o\000r\000m\000a\000t\000i\000o\000n}{chapter.9}% 64
\BOOKMARK [2][-]{subsection.9.1.1}{\376\377\000M\000a\000t\000u\000r\000i\000t\000y\000\040\000L\000e\000v\000e\000l}{section.9.1}% 65
\BOOKMARK [2][-]{subsection.9.1.2}{\376\377\000R\000e\000p\000l\000a\000c\000e\000m\000e\000n\000t\000\040\000N\000o\000t\000i\000c\000e}{section.9.1}% 66
\BOOKMARK [2][-]{subsection.9.1.3}{\376\377\000R\000e\000g\000u\000l\000a\000t\000o\000r\000y\000\040\000T\000e\000x\000t}{section.9.1}% 67
\BOOKMARK [1][-]{section.9.2}{\376\377\000B\000e\000h\000a\000v\000i\000o\000r\000-\000D\000r\000i\000v\000e\000n\000\040\000D\000e\000v\000e\000l\000o\000p\000m\000e\000n\000t\000\040\000S\000p\000e\000c\000i\000f\000i\000c\000a\000t\000i\000o\000n}{chapter.9}% 68
\BOOKMARK [1][-]{section.9.3}{\376\377\000S\000c\000r\000e\000e\000n\000s\000h\000o\000t\000s}{chapter.9}% 69
\BOOKMARK [0][-]{chapter.10}{\376\377\000\247\000\040\0001\0007\0000\000.\0003\0001\0005\000\050\000a\000\051\000\050\0001\0004\000\051\000\040\000-\000\040\000I\000m\000p\000l\000a\000n\000t\000a\000b\000l\000e\000\040\000D\000e\000v\000i\000c\000e\000\040\000L\000i\000s\000t}{part.1}% 70
\BOOKMARK [1][-]{section.10.1}{\376\377\000C\000r\000i\000t\000e\000r\000i\000o\000n\000\040\000I\000n\000f\000o\000r\000m\000a\000t\000i\000o\000n}{chapter.10}% 71
\BOOKMARK [2][-]{subsection.10.1.1}{\376\377\000M\000a\000t\000u\000r\000i\000t\000y\000\040\000L\000e\000v\000e\000l}{section.10.1}% 72
\BOOKMARK [2][-]{subsection.10.1.2}{\376\377\000R\000e\000g\000u\000l\000a\000t\000o\000r\000y\000\040\000T\000e\000x\000t}{section.10.1}% 73
\BOOKMARK [1][-]{section.10.2}{\376\377\000B\000e\000h\000a\000v\000i\000o\000r\000-\000D\000r\000i\000v\000e\000n\000\040\000D\000e\000v\000e\000l\000o\000p\000m\000e\000n\000t\000\040\000S\000p\000e\000c\000i\000f\000i\000c\000a\000t\000i\000o\000n}{chapter.10}% 74
\BOOKMARK [1][-]{section.10.3}{\376\377\000S\000c\000r\000e\000e\000n\000s\000h\000o\000t\000s}{chapter.10}% 75
\BOOKMARK [0][-]{chapter.11}{\376\377\000\247\000\040\0001\0007\0000\000.\0003\0001\0005\000\050\000e\000\051\000\050\0001\000\051\000\040\000-\000\040\000V\000i\000e\000w\000,\000\040\000D\000o\000w\000n\000l\000o\000a\000d\000,\000\040\000T\000r\000a\000n\000s\000m\000i\000t}{part.1}% 76
\BOOKMARK [1][-]{section.11.1}{\376\377\000C\000r\000i\000t\000e\000r\000i\000o\000n\000\040\000I\000n\000f\000o\000r\000m\000a\000t\000i\000o\000n}{chapter.11}% 77
\BOOKMARK [2][-]{subsection.11.1.1}{\376\377\000M\000a\000t\000u\000r\000i\000t\000y\000\040\000L\000e\000v\000e\000l}{section.11.1}% 78
\BOOKMARK [2][-]{subsection.11.1.2}{\376\377\000R\000e\000g\000u\000l\000a\000t\000o\000r\000y\000\040\000T\000e\000x\000t}{section.11.1}% 79
\BOOKMARK [1][-]{section.11.2}{\376\377\000B\000e\000h\000a\000v\000i\000o\000r\000-\000D\000r\000i\000v\000e\000n\000\040\000D\000e\000v\000e\000l\000o\000p\000m\000e\000n\000t\000\040\000S\000p\000e\000c\000i\000f\000i\000c\000a\000t\000i\000o\000n}{chapter.11}% 80
\BOOKMARK [1][-]{section.11.3}{\376\377\000S\000c\000r\000e\000e\000n\000s\000h\000o\000t\000s}{chapter.11}% 81
\BOOKMARK [0][-]{chapter.12}{\376\377\000\247\000\040\0001\0007\0000\000.\0003\0001\0005\000\050\000g\000\051\000\050\0007\000\051\000\040\000-\000\040\000A\000p\000p\000l\000i\000c\000a\000t\000i\000o\000n\000\040\000A\000c\000c\000e\000s\000s\000\040\000-\000\040\000P\000a\000t\000i\000e\000n\000t\000\040\000S\000e\000l\000e\000c\000t\000i\000o\000n}{part.1}% 82
\BOOKMARK [1][-]{section.12.1}{\376\377\000C\000r\000i\000t\000e\000r\000i\000o\000n\000\040\000I\000n\000f\000o\000r\000m\000a\000t\000i\000o\000n}{chapter.12}% 83
\BOOKMARK [2][-]{subsection.12.1.1}{\376\377\000M\000a\000t\000u\000r\000i\000t\000y\000\040\000L\000e\000v\000e\000l}{section.12.1}% 84
\BOOKMARK [2][-]{subsection.12.1.2}{\376\377\000R\000e\000g\000u\000l\000a\000t\000o\000r\000y\000\040\000T\000e\000x\000t}{section.12.1}% 85
\BOOKMARK [1][-]{section.12.2}{\376\377\000B\000e\000h\000a\000v\000i\000o\000r\000-\000D\000r\000i\000v\000e\000n\000\040\000D\000e\000v\000e\000l\000o\000p\000m\000e\000n\000t\000\040\000S\000p\000e\000c\000i\000f\000i\000c\000a\000t\000i\000o\000n}{chapter.12}% 86
\BOOKMARK [0][-]{chapter.13}{\376\377\000\247\000\040\0001\0007\0000\000.\0003\0001\0005\000\050\000g\000\051\000\050\0009\000\051\000\040\000-\000\040\000A\000p\000p\000l\000i\000c\000a\000t\000i\000o\000n\000\040\000A\000c\000c\000e\000s\000s\000\040\000-\000\040\000A\000l\000l\000\040\000D\000a\000t\000a}{part.1}% 87
\BOOKMARK [1][-]{section.13.1}{\376\377\000C\000r\000i\000t\000e\000r\000i\000o\000n\000\040\000I\000n\000f\000o\000r\000m\000a\000t\000i\000o\000n}{chapter.13}% 88
\BOOKMARK [2][-]{subsection.13.1.1}{\376\377\000M\000a\000t\000u\000r\000i\000t\000y\000\040\000L\000e\000v\000e\000l}{section.13.1}% 89
\BOOKMARK [2][-]{subsection.13.1.2}{\376\377\000R\000e\000g\000u\000l\000a\000t\000o\000r\000y\000\040\000T\000e\000x\000t}{section.13.1}% 90
\BOOKMARK [1][-]{section.13.2}{\376\377\000B\000e\000h\000a\000v\000i\000o\000r\000-\000D\000r\000i\000v\000e\000n\000\040\000D\000e\000v\000e\000l\000o\000p\000m\000e\000n\000t\000\040\000S\000p\000e\000c\000i\000f\000i\000c\000a\000t\000i\000o\000n}{chapter.13}% 91
\BOOKMARK [0][-]{chapter.14}{\376\377\000\247\000\040\0001\0007\0000\000.\0003\0001\0005\000\050\000g\000\051\000\050\0001\0000\000\051\000\040\000-\000\040\000S\000t\000a\000n\000d\000a\000r\000d\000i\000z\000e\000d\000\040\000A\000P\000I}{part.1}% 92
\BOOKMARK [1][-]{section.14.1}{\376\377\000C\000r\000i\000t\000e\000r\000i\000o\000n\000\040\000I\000n\000f\000o\000r\000m\000a\000t\000i\000o\000n}{chapter.14}% 93
\BOOKMARK [2][-]{subsection.14.1.1}{\376\377\000M\000a\000t\000u\000r\000i\000t\000y\000\040\000L\000e\000v\000e\000l}{section.14.1}% 94
\BOOKMARK [2][-]{subsection.14.1.2}{\376\377\000R\000e\000g\000u\000l\000a\000t\000o\000r\000y\000\040\000T\000e\000x\000t}{section.14.1}% 95
\BOOKMARK [1][-]{section.14.2}{\376\377\000B\000e\000h\000a\000v\000i\000o\000r\000-\000D\000r\000i\000v\000e\000n\000\040\000D\000e\000v\000e\000l\000o\000p\000m\000e\000n\000t\000\040\000S\000p\000e\000c\000i\000f\000i\000c\000a\000t\000i\000o\000n}{chapter.14}% 96
\BOOKMARK [0][-]{chapter.15}{\376\377\000\247\000\040\0001\0007\0000\000.\0003\0001\0005\000\050\000c\000\051\000\050\0001\000\051\000\040\000-\000\040\000C\000l\000i\000n\000i\000c\000a\000l\000\040\000Q\000u\000a\000l\000i\000t\000y\000\040\000M\000e\000a\000s\000u\000r\000e\000s\000\040\000-\000\040\000R\000e\000c\000o\000r\000d\000\040\000a\000n\000d\000\040\000E\000x\000p\000o\000r\000t}{part.1}% 97
\BOOKMARK [1][-]{section.15.1}{\376\377\000C\000r\000i\000t\000e\000r\000i\000o\000n\000\040\000I\000n\000f\000o\000r\000m\000a\000t\000i\000o\000n}{chapter.15}% 98
\BOOKMARK [2][-]{subsection.15.1.1}{\376\377\000M\000a\000t\000u\000r\000i\000t\000y\000\040\000L\000e\000v\000e\000l}{section.15.1}% 99
\BOOKMARK [2][-]{subsection.15.1.2}{\376\377\000R\000e\000g\000u\000l\000a\000t\000o\000r\000y\000\040\000T\000e\000x\000t}{section.15.1}% 100
\BOOKMARK [2][-]{subsection.15.1.3}{\376\377\000I\000m\000p\000l\000e\000m\000e\000n\000t\000a\000t\000i\000o\000n}{section.15.1}% 101
\BOOKMARK [1][-]{section.15.2}{\376\377\000B\000e\000h\000a\000v\000i\000o\000r\000-\000D\000r\000i\000v\000e\000n\000\040\000D\000e\000v\000e\000l\000o\000p\000m\000e\000n\000t\000\040\000S\000p\000e\000c\000i\000f\000i\000c\000a\000t\000i\000o\000n}{chapter.15}% 102
\BOOKMARK [1][-]{section.15.3}{\376\377\000S\000c\000r\000e\000e\000n\000s\000h\000o\000t\000s}{chapter.15}% 103
\BOOKMARK [0][-]{chapter.16}{\376\377\000\247\000\040\0001\0007\0000\000.\0003\0001\0005\000\050\000h\000\051\000\050\0001\000\051\000\040\000-\000\040\000D\000i\000r\000e\000c\000t\000\040\000P\000r\000o\000j\000e\000c\000t}{part.1}% 104
\BOOKMARK [1][-]{section.16.1}{\376\377\000C\000r\000i\000t\000e\000r\000i\000o\000n\000\040\000I\000n\000f\000o\000r\000m\000a\000t\000i\000o\000n}{chapter.16}% 105
\BOOKMARK [2][-]{subsection.16.1.1}{\376\377\000M\000a\000t\000u\000r\000i\000t\000y\000\040\000L\000e\000v\000e\000l}{section.16.1}% 106
\BOOKMARK [2][-]{subsection.16.1.2}{\376\377\000R\000e\000g\000u\000l\000a\000t\000o\000r\000y\000\040\000T\000e\000x\000t}{section.16.1}% 107
\BOOKMARK [2][-]{subsection.16.1.3}{\376\377\000D\000o\000c\000u\000m\000e\000n\000t\000e\000d\000\040\000G\000a\000p}{section.16.1}% 108
\BOOKMARK [1][-]{section.16.2}{\376\377\000B\000e\000h\000a\000v\000i\000o\000r\000-\000D\000r\000i\000v\000e\000n\000\040\000D\000e\000v\000e\000l\000o\000p\000m\000e\000n\000t\000\040\000S\000p\000e\000c\000i\000f\000i\000c\000a\000t\000i\000o\000n}{chapter.16}% 109
\BOOKMARK [1][-]{section.16.3}{\376\377\000S\000c\000r\000e\000e\000n\000s\000h\000o\000t\000s}{chapter.16}% 110
\BOOKMARK [0][-]{appendix.A}{\376\377\000A\000c\000r\000o\000n\000y\000m\000s\000\040\000a\000n\000d\000\040\000A\000b\000b\000r\000e\000v\000i\000a\000t\000i\000o\000n\000s}{part.1}% 111
\BOOKMARK [0][-]{appendix.B}{\376\377\000R\000e\000f\000e\000r\000e\000n\000c\000e\000s}{part.1}% 112
\BOOKMARK [0][-]{appendix.C}{\376\377\000C\000e\000r\000t\000i\000f\000i\000c\000a\000t\000i\000o\000n\000\040\000T\000e\000s\000t\000i\000n\000g\000\040\000N\000o\000t\000e\000s}{part.1}% 113
\BOOKMARK [1][-]{section.C.1}{\376\377\000B\000e\000h\000a\000v\000i\000o\000r\000a\000l\000\040\000T\000e\000s\000t\000\040\000S\000u\000i\000t\000e\000\040\000S\000t\000a\000t\000u\000s}{appendix.C}% 114
\BOOKMARK [1][-]{section.C.2}{\376\377\000I\000n\000f\000e\000r\000n\000o\000\040\000T\000e\000s\000t\000i\000n\000g}{appendix.C}% 115
\BOOKMARK [1][-]{section.C.3}{\376\377\000T\000e\000s\000t\000\040\000E\000x\000e\000c\000u\000t\000i\000o\000n}{appendix.C}% 116
